Compiling the CXX compiler identification source file "CMakeCXXCompilerId.cpp" failed.
Compiler: /usr/bin/c++ 
Build flags: -02;-Wall;-Wextra;-Werror;-pedantic
Id flags:  

The output was:
1
c++: error: unrecognized command-line option ‘-02’


Compiling the CXX compiler identification source file "CMakeCXXCompilerId.cpp" failed.
Compiler: /usr/bin/c++ 
Build flags: -02;-Wall;-Wextra;-Werror;-pedantic
Id flags: -c 

The output was:
1
c++: error: unrecognized command-line option ‘-02’


Compiling the CXX compiler identification source file "CMakeCXXCompilerId.cpp" failed.
Compiler: /usr/bin/c++ 
Build flags: -02;-Wall;-Wextra;-Werror;-pedantic
Id flags: --c++ 

The output was:
1
c++: error: unrecognized command-line option ‘-02’
c++: error: unrecognized command-line option ‘--c++’


Compiling the CXX compiler identification source file "CMakeCXXCompilerId.cpp" failed.
Compiler: /usr/bin/c++ 
Build flags: -02;-Wall;-Wextra;-Werror;-pedantic
Id flags: --ec++ 

The output was:
1
c++: error: unrecognized command-line option ‘-02’
c++: error: unrecognized command-line option ‘--ec++’; did you mean ‘-Weffc++’?


Compiling the CXX compiler identification source file "CMakeCXXCompilerId.cpp" failed.
Compiler: /usr/bin/c++ 
Build flags: -02;-Wall;-Wextra;-Werror;-pedantic
Id flags: --target=arm-arm-none-eabi;-mcpu=cortex-m3 

The output was:
1
c++: warning: ‘-mcpu=’ is deprecated; use ‘-mtune=’ or ‘-march=’ instead
c++: error: unrecognized command-line option ‘-02’
c++: error: unrecognized command-line option ‘--target=arm-arm-none-eabi’


Determining if the CXX compiler works failed with the following output:
Change Dir: /mnt/c/Users/amianadave/documents/LambdaInterpreter/build/CMakeFiles/CMakeTmp

Run Build Command(s):/usr/bin/make cmTC_c04e2/fast && /usr/bin/make -f CMakeFiles/cmTC_c04e2.dir/build.make CMakeFiles/cmTC_c04e2.dir/build
make[1]: Entering directory '/mnt/c/Users/amianadave/documents/LambdaInterpreter/build/CMakeFiles/CMakeTmp'
Building CXX object CMakeFiles/cmTC_c04e2.dir/testCXXCompiler.cxx.o
/usr/bin/c++    -02 -Wall -Wextra -Werror -pedantic    -std=gnu++17 -o CMakeFiles/cmTC_c04e2.dir/testCXXCompiler.cxx.o -c /mnt/c/Users/amianadave/documents/LambdaInterpreter/build/CMakeFiles/CMakeTmp/testCXXCompiler.cxx
c++: error: unrecognized command-line option ‘-02’
make[1]: *** [CMakeFiles/cmTC_c04e2.dir/build.make:66: CMakeFiles/cmTC_c04e2.dir/testCXXCompiler.cxx.o] Error 1
make[1]: Leaving directory '/mnt/c/Users/amianadave/documents/LambdaInterpreter/build/CMakeFiles/CMakeTmp'
make: *** [Makefile:121: cmTC_c04e2/fast] Error 2



